16:42:40.933 INFO [GridLauncherV3.parse] - Selenium server version: 3.141.59, revision: e82be7d358
16:42:41.034 INFO [GridLauncherV3.lambda$buildLaunchers$3] - Launching a standalone Selenium Server on port 4444
2019-10-27 16:42:41.085:INFO::main: Logging initialized @412ms to org.seleniumhq.jetty9.util.log.StdErrLog
16:42:41.334 INFO [WebDriverServlet.<init>] - Initialising WebDriverServlet
16:42:41.845 INFO [SeleniumServer.boot] - Selenium Server is up and running on port 4444
16:42:42.146 INFO [ActiveSessionFactory.apply] - Capabilities are: {
  "acceptSslCerts": true,
  "browserName": "chrome",
  "chromeOptions": {
    "args": [
      "Mozilla\u002f5.0 (iPhone; CPU iPhone OS 5_0 like Mac OS X) AppleWebKit\u002f534.46\n            (KHTML, like Gecko) Version\u002f5.1 Mobile\u002f9A334 Safari\u002f7534.48.3",
      "--window-size=640,1136"
    ]
  },
  "javascriptEnabled": true,
  "name": "Miksike"
}
16:42:42.147 INFO [ActiveSessionFactory.lambda$apply$11] - Matched factory org.openqa.selenium.grid.session.remote.ServicedSession$Factory (provider: org.openqa.selenium.chrome.ChromeDriverService)
Starting ChromeDriver 77.0.3865.40 (f484704e052e0b556f8030b65b953dce96503217-refs/branch-heads/3865@{#442}) on port 7217
Only local connections are allowed.
Please protect ports used by ChromeDriver and related test frameworks to prevent access by malicious code.
[1572187364.067][WARNING]: This version of ChromeDriver has not been tested with Chrome version 78.
[1572187366.093][WARNING]: Timed out connecting to Chrome, retrying...
16:42:48.120 INFO [ProtocolHandshake.createSession] - Detected dialect: W3C
16:42:48.159 INFO [RemoteSession$Factory.lambda$performHandshake$0] - Started new session f5cfecf723a3ea436c4435dfdd052af7 (org.openqa.selenium.chrome.ChromeDriverService)
[1572187370.186][WARNING]: Timed out connecting to Chrome, retrying...
16:43:07.844 INFO [ActiveSessions$1.onStop] - Removing session f5cfecf723a3ea436c4435dfdd052af7 (org.openqa.selenium.chrome.ChromeDriverService)
